JvmtiExport can_access_local_variables 0
JvmtiExport can_hotswap_or_post_breakpoint 0
JvmtiExport can_post_on_exceptions 0
# 243 ciObject found
ciMethod java/lang/Object <init> ()V 4097 1 12690 0 -1
ciMethod java/lang/Object toString ()Ljava/lang/String; 265 1 33 0 -1
ciMethod java/lang/String <init> ([CII)V 4097 1 2200 0 -1
ciMethod java/lang/String length ()I 4097 1 32130 0 -1
ciMethod java/lang/String equals (Ljava/lang/Object;)Z 4097 11513 2680 0 -1
ciMethod java/lang/String valueOf (Ljava/lang/Object;)Ljava/lang/String; 2097 1 262 0 -1
ciMethod java/lang/Class isInterface ()Z 2049 1 256 0 -1
ciMethod java/lang/Class getSuperclass ()Ljava/lang/Class; 2049 1 256 0 -1
ciMethod java/lang/Class getModifiers ()I 2057 1 257 0 -1
ciMethod java/lang/Class isEnum ()Z 2049 1 256 0 -1
ciMethod java/util/Map get (Ljava/lang/Object;)Ljava/lang/Object; 0 0 1 0 -1
ciMethod java/util/Map put (Ljava/lang/Object;Ljava/lang/Object;)Ljava/lang/Object; 0 0 1 0 -1
ciMethod java/lang/reflect/Method getDeclaringClass ()Ljava/lang/Class; 1729 1 216 0 -1
ciMethod java/lang/reflect/Method getModifiers ()I 1233 1 154 0 -1
ciMethod java/lang/reflect/Method toString ()Ljava/lang/String; 0 0 1 0 -1
ciMethod java/lang/reflect/Method invoke (Ljava/lang/Object;[Ljava/lang/Object;)Ljava/lang/Object; 3097 1 387 11 -1
ciMethod java/lang/reflect/Method isDefault ()Z 2089 1 261 0 -1
ciMethod java/lang/reflect/Executable sharedToString (IZ[Ljava/lang/Class;[Ljava/lang/Class;)Ljava/lang/String; 0 0 1 0 -1
ciMethod java/lang/reflect/Executable sharedToGenericString (IZ)Ljava/lang/String; 2129 1513 266 0 -1
ciMethod java/lang/reflect/Constructor toGenericString ()Ljava/lang/String; 0 0 1 0 -1
ciMethod java/lang/reflect/Constructor newInstance ([Ljava/lang/Object;)Ljava/lang/Object; 2049 1 256 0 -1
ciMethod java/lang/StringBuffer <init> ()V 3257 1 407 0 -1
ciMethod java/lang/StringBuffer append (Ljava/lang/Object;)Ljava/lang/StringBuffer; 553 1 69 0 -1
ciMethod java/lang/StringBuffer append (Ljava/lang/String;)Ljava/lang/StringBuffer; 4097 1 517 0 -1
ciMethod java/lang/StringBuffer append (I)Ljava/lang/StringBuffer; 9 1 1 0 -1
ciMethod java/lang/StringBuffer toString ()Ljava/lang/String; 4097 1 644 0 -1
ciMethod java/lang/AbstractStringBuilder <init> (I)V 4097 1 1285 0 -1
ciMethod java/lang/AbstractStringBuilder append (Ljava/lang/String;)Ljava/lang/AbstractStringBuilder; 4097 1 2178 0 -1
ciMethod java/lang/AbstractStringBuilder append (I)Ljava/lang/AbstractStringBuilder; 2065 1 258 0 -1
ciMethod java/lang/StringBuilder <init> ()V 4097 1 642 0 -1
ciMethod java/lang/StringBuilder append (Ljava/lang/String;)Ljava/lang/StringBuilder; 4097 1 1681 0 -1
ciMethod java/lang/StringBuilder toString ()Ljava/lang/String; 4097 1 771 0 -1
ciMethod java/lang/Boolean valueOf (Z)Ljava/lang/Boolean; 2081 1 260 0 -1
ciMethod java/lang/Float valueOf (F)Ljava/lang/Float; 33 1 4 0 -1
ciMethod java/lang/Float <init> (F)V 33 1 4 0 -1
ciMethod java/lang/Number <init> ()V 3113 1 389 0 -1
ciMethod java/lang/Double valueOf (D)Ljava/lang/Double; 889 1 111 0 -1
ciMethod java/lang/Double <init> (D)V 921 1 115 0 -1
ciMethod java/lang/Byte valueOf (B)Ljava/lang/Byte; 2057 1 257 0 -1
ciMethod java/lang/Short valueOf (S)Ljava/lang/Short; 41 1 5 0 -1
ciMethod java/lang/Integer valueOf (I)Ljava/lang/Integer; 2057 1 257 0 -1
ciMethod java/lang/Integer <init> (I)V 3081 1 385 0 -1
ciMethod java/lang/Long valueOf (J)Ljava/lang/Long; 2049 1 256 0 -1
ciMethod java/util/List add (Ljava/lang/Object;)Z 0 0 1 0 -1
ciMethod java/util/ArrayList <init> (I)V 2209 1 276 0 -1
ciMethod java/util/HashMap <init> (IF)V 3081 1 385 0 -1
ciMethod java/util/HashMap <init> (I)V 2049 1 256 0 -1
ciMethod java/lang/reflect/Modifier constructorModifiers ()I 0 0 1 0 -1
ciMethod java/lang/reflect/Modifier methodModifiers ()I 1041 1 130 0 -1
ciMethod java/lang/reflect/InvocationHandler invoke (Ljava/lang/Object;Ljava/lang/reflect/Method;[Ljava/lang/Object;)Ljava/lang/Object; 0 0 1 0 -1
ciMethod com/alibaba/fastjson/util/TypeUtils getClass (Ljava/lang/reflect/Type;)Ljava/lang/Class; 0 0 1 0 -1
ciMethod com/alibaba/fastjson/parser/DefaultJSONParser getConfig ()Lcom/alibaba/fastjson/parser/ParserConfig; 257 1 32 0 -1
ciMethod com/alibaba/fastjson/parser/DefaultJSONParser getContext ()Lcom/alibaba/fastjson/parser/ParseContext; 1033 1 129 0 -1
ciMethod com/alibaba/fastjson/parser/DefaultJSONParser addResolveTask (Lcom/alibaba/fastjson/parser/DefaultJSONParser$ResolveTask;)V 0 0 1 0 -1
ciMethod com/alibaba/fastjson/parser/DefaultJSONParser setContext (Lcom/alibaba/fastjson/parser/ParseContext;)V 2089 1 261 0 -1
ciMethod com/alibaba/fastjson/parser/DefaultJSONParser setContext (Lcom/alibaba/fastjson/parser/ParseContext;Ljava/lang/Object;Ljava/lang/Object;)Lcom/alibaba/fastjson/parser/ParseContext; 2049 1 256 0 -1
ciMethod com/alibaba/fastjson/parser/DefaultJSONParser parse ()Ljava/lang/Object; 2065 1 258 0 -1
ciMethod com/alibaba/fastjson/parser/DefaultJSONParser parse (Ljava/lang/Object;)Ljava/lang/Object; 2681 1 335 0 -1
ciMethod com/alibaba/fastjson/parser/DefaultJSONParser isEnabled (Lcom/alibaba/fastjson/parser/Feature;)Z 0 0 1 0 -1
ciMethod com/alibaba/fastjson/parser/ParserConfig getDeserializer (Ljava/lang/reflect/Type;)Lcom/alibaba/fastjson/parser/deserializer/ObjectDeserializer; 913 1 114 0 -1
ciMethod com/alibaba/fastjson/parser/ParserConfig checkAutoType (Ljava/lang/String;Ljava/lang/Class;)Ljava/lang/Class; 0 0 1 0 -1
ciMethod com/alibaba/fastjson/parser/JSONLexer isEnabled (Lcom/alibaba/fastjson/parser/Feature;)Z 0 0 1 0 -1
ciMethod com/alibaba/fastjson/parser/JSONLexerBase nextToken ()V 2265 1 283 0 -1
ciMethod com/alibaba/fastjson/parser/JSONLexerBase nextToken (I)V 2193 1 274 0 -1
ciMethod com/alibaba/fastjson/parser/JSONLexerBase nextTokenWithChar (C)V 3169 1 396 0 -1
ciMethod com/alibaba/fastjson/parser/JSONLexerBase token ()I 1145 1 143 0 -1
ciMethod com/alibaba/fastjson/parser/JSONLexerBase tokenName ()Ljava/lang/String; 0 0 1 0 -1
ciMethod com/alibaba/fastjson/parser/JSONLexerBase pos ()I 0 0 1 0 -1
ciMethod com/alibaba/fastjson/parser/JSONLexerBase nextTokenWithColon (I)V 1529 1 191 0 -1
ciMethod com/alibaba/fastjson/parser/JSONLexerBase isEnabled (Lcom/alibaba/fastjson/parser/Feature;)Z 3153 1 394 0 -1
ciMethod com/alibaba/fastjson/parser/JSONLexerBase isEnabled (I)Z 2337 1 292 0 -1
ciMethod com/alibaba/fastjson/parser/JSONLexerBase getCurrent ()C 1025 1 128 0 -1
ciMethod com/alibaba/fastjson/parser/JSONLexerBase next ()C 0 0 1 0 -1
ciMethod com/alibaba/fastjson/parser/JSONLexerBase scanSymbol (Lcom/alibaba/fastjson/parser/SymbolTable;)Ljava/lang/String; 2113 1 264 0 -1
ciMethod com/alibaba/fastjson/parser/JSONLexerBase matchField ([C)Z 1697 1 212 0 -1
ciMethod com/alibaba/fastjson/parser/JSONLexerBase scanFieldString ([C)Ljava/lang/String; 0 0 1 0 -1
ciMethod com/alibaba/fastjson/parser/JSONLexerBase scanFieldInt ([C)I 0 0 1 0 -1
ciMethod com/alibaba/fastjson/parser/JSONLexerBase scanFieldIntArray ([C)[I 0 0 1 0 -1
ciMethod com/alibaba/fastjson/parser/JSONLexerBase scanFieldBoolean ([C)Z 0 0 1 0 -1
ciMethod com/alibaba/fastjson/parser/JSONLexerBase scanFieldLong ([C)J 0 0 1 0 -1
ciMethod com/alibaba/fastjson/parser/JSONLexerBase scanFieldFloat ([C)F 0 0 1 0 -1
ciMethod com/alibaba/fastjson/parser/JSONLexerBase scanFieldFloatArray ([C)[F 0 0 1 0 -1
ciMethod com/alibaba/fastjson/parser/JSONLexerBase scanFieldFloatArray2 ([C)[[F 0 0 1 0 -1
ciMethod com/alibaba/fastjson/parser/JSONLexerBase scanFieldDouble ([C)D 849 1 106 0 -1
ciMethod com/alibaba/fastjson/parser/JSONLexerBase stringVal ()Ljava/lang/String; 0 0 1 0 -1
ciMethod com/alibaba/fastjson/parser/JSONLexerBase isBlankInput ()Z 0 0 1 0 -1
ciMethod com/alibaba/fastjson/JSONException <init> (Ljava/lang/String;)V 0 0 1 0 -1
ciMethod com/alibaba/fastjson/JSONException <init> (Ljava/lang/String;Ljava/lang/Throwable;)V 0 0 1 0 -1
ciMethod com/alibaba/fastjson/util/FieldInfo getAnnotation ()Lcom/alibaba/fastjson/annotation/JSONField; 2217 1 277 0 -1
ciMethod com/alibaba/fastjson/parser/deserializer/ObjectDeserializer deserialze (Lcom/alibaba/fastjson/parser/DefaultJSONParser;Ljava/lang/reflect/Type;Ljava/lang/Object;)Ljava/lang/Object; 0 0 1 0 -1
ciMethod com/alibaba/fastjson/parser/deserializer/JavaBeanDeserializer createInstance (Lcom/alibaba/fastjson/parser/DefaultJSONParser;Ljava/lang/reflect/Type;)Ljava/lang/Object; 0 0 1 0 -1
ciMethod com/alibaba/fastjson/parser/deserializer/JavaBeanDeserializer deserialzeArrayMapping (Lcom/alibaba/fastjson/parser/DefaultJSONParser;Ljava/lang/reflect/Type;Ljava/lang/Object;Ljava/lang/Object;)Ljava/lang/Object; 0 0 1 0 -1
ciMethod com/alibaba/fastjson/parser/deserializer/JavaBeanDeserializer deserialze (Lcom/alibaba/fastjson/parser/DefaultJSONParser;Ljava/lang/reflect/Type;Ljava/lang/Object;Ljava/lang/Object;I[I)Ljava/lang/Object; 857 16545 107 0 -1
ciMethod com/alibaba/fastjson/parser/deserializer/JavaBeanDeserializer scanEnum (Lcom/alibaba/fastjson/parser/JSONLexerBase;[CLcom/alibaba/fastjson/parser/deserializer/ObjectDeserializer;)Ljava/lang/Enum; 0 0 1 0 -1
ciMethod com/alibaba/fastjson/parser/deserializer/JavaBeanDeserializer parseField (Lcom/alibaba/fastjson/parser/DefaultJSONParser;Ljava/lang/String;Ljava/lang/Object;Ljava/lang/reflect/Type;Ljava/util/Map;[I)Z 2113 6817 264 0 -1
ciMethod com/alibaba/fastjson/parser/deserializer/JavaBeanDeserializer getSeeAlso (Lcom/alibaba/fastjson/parser/ParserConfig;Lcom/alibaba/fastjson/util/JavaBeanInfo;Ljava/lang/String;)Lcom/alibaba/fastjson/parser/deserializer/JavaBeanDeserializer; 0 0 1 0 -1
ciMethod com/alibaba/fastjson/parser/deserializer/FieldDeserializer parseField (Lcom/alibaba/fastjson/parser/DefaultJSONParser;Ljava/lang/Object;Ljava/lang/reflect/Type;Ljava/util/Map;)V 0 0 1 0 -1
ciMethod com/alibaba/fastjson/parser/deserializer/FieldDeserializer setValue (Ljava/lang/Object;Ljava/lang/Object;)V 2057 1 257 0 -1
ciMethod com/alibaba/fastjson/annotation/JSONField deserializeUsing ()Ljava/lang/Class; 0 0 1 0 -1
ciMethod com/sun/proxy/$Proxy77 deserializeUsing ()Ljava/lang/Class; 65 1 8 0 -1
ciMethod com/alibaba/fastjson/parser/DefaultJSONParser$ResolveTask <init> (Lcom/alibaba/fastjson/parser/ParseContext;Ljava/lang/String;)V 0 0 1 0 -1
instanceKlass com/alibaba/nacos/client/naming/core/PushReceiver$PushPacket
instanceKlass javax/management/remote/rmi/RMIConnectionImpl$7
instanceKlass java/util/concurrent/locks/ReentrantReadWriteLock$Sync$HoldCounter
instanceKlass com/sun/jmx/mbeanserver/Repository$ObjectNamePattern
instanceKlass javax/management/remote/rmi/RMIConnectionImpl$6
instanceKlass javax/management/remote/rmi/RMIConnectionImpl$SetCcl
instanceKlass org/springframework/boot/StartupInfoLogger
instanceKlass sun/net/www/http/KeepAliveStreamCleaner$2
instanceKlass sun/net/www/http/KeepAliveStreamCleaner$1
instanceKlass com/alibaba/nacos/client/naming/beat/BeatReactor$BeatTask
instanceKlass com/alibaba/nacos/client/naming/beat/BeatInfo
instanceKlass reactor/netty/FutureMono$FutureSubscription
instanceKlass io/netty/channel/ChannelFutureListener$3
instanceKlass io/netty/channel/ChannelFutureListener$2
instanceKlass io/netty/channel/socket/SocketChannel
instanceKlass io/netty/channel/socket/DuplexChannel
instanceKlass io/netty/channel/ChannelFutureListener$1
instanceKlass reactor/core/scheduler/Schedulers$1
instanceKlass reactor/core/scheduler/Schedulers$Factory
instanceKlass reactor/core/scheduler/Schedulers$$Lambda$602
instanceKlass reactor/core/scheduler/Schedulers$$Lambda$601
instanceKlass io/netty/buffer/ByteBufUtil$HexUtil
instanceKlass reactor/core/scheduler/Schedulers$$Lambda$600
instanceKlass reactor/core/scheduler/Schedulers$$Lambda$599
instanceKlass io/netty/util/internal/SocketUtils$7
instanceKlass reactor/core/scheduler/Scheduler
instanceKlass io/netty/channel/AbstractChannel$AbstractUnsafe$2
instanceKlass reactor/core/scheduler/Schedulers$$Lambda$598
instanceKlass reactor/core/scheduler/Schedulers$$Lambda$597
instanceKlass reactor/core/scheduler/Schedulers$$Lambda$596
instanceKlass reactor/core/scheduler/Schedulers$$Lambda$595
instanceKlass reactor/core/scheduler/Schedulers$$Lambda$594
instanceKlass io/netty/bootstrap/ServerBootstrap$ServerBootstrapAcceptor$1
instanceKlass reactor/core/scheduler/Schedulers
instanceKlass io/netty/bootstrap/AbstractBootstrap$2
instanceKlass io/netty/util/concurrent/DefaultFutureListeners
instanceKlass reactor/core/publisher/FluxCreate$SinkDisposable
instanceKlass io/netty/bootstrap/ServerBootstrap$1$1
instanceKlass reactor/netty/tcp/TcpServerBind$DisposableBind
instanceKlass sun/nio/ch/WindowsSelectorImpl$MapEntry
instanceKlass io/netty/bootstrap/AbstractBootstrap$1
instanceKlass java/nio/channels/spi/AbstractSelector$1
instanceKlass io/netty/util/concurrent/SingleThreadEventExecutor$NonWakeupRunnable
instanceKlass io/netty/util/concurrent/FastThreadLocalRunnable
instanceKlass reactor/core/scheduler/NonBlocking
instanceKlass io/netty/util/internal/ThreadExecutorMap$2
instanceKlass io/netty/util/concurrent/SingleThreadEventExecutor$6
instanceKlass io/netty/util/internal/shaded/org/jctools/util/UnsafeRefArrayAccess
instanceKlass io/netty/util/internal/shaded/org/jctools/queues/LinkedArrayQueueUtil
instanceKlass io/netty/channel/AbstractChannel$AbstractUnsafe$1
instanceKlass io/netty/channel/ChannelHandler$Sharable
instanceKlass sun/nio/ch/ServerSocketChannelImpl$DefaultOptionsHolder
instanceKlass io/netty/buffer/ByteBufUtil$2
instanceKlass io/netty/util/ByteProcessor
instanceKlass io/netty/buffer/PooledByteBufAllocatorMetric
instanceKlass io/netty/buffer/PoolChunkList
instanceKlass io/netty/buffer/PoolChunkListMetric
instanceKlass io/netty/buffer/PoolSubpage
instanceKlass io/netty/buffer/PoolSubpageMetric
instanceKlass io/netty/buffer/PoolArena
instanceKlass io/netty/buffer/PoolArenaMetric
instanceKlass io/netty/buffer/PooledByteBufAllocator$1
instanceKlass io/netty/util/CharsetUtil
instanceKlass io/netty/buffer/ByteBufUtil
instanceKlass io/netty/channel/DefaultMaxMessagesRecvByteBufAllocator
instanceKlass io/netty/channel/MaxMessagesRecvByteBufAllocator
instanceKlass io/netty/channel/WriteBufferWaterMark
instanceKlass io/netty/channel/RecvByteBufAllocator
instanceKlass io/netty/channel/DefaultMessageSizeEstimator$HandleImpl
instanceKlass io/netty/channel/DefaultMessageSizeEstimator
instanceKlass io/netty/channel/MessageSizeEstimator
instanceKlass io/netty/channel/DefaultChannelConfig
instanceKlass io/netty/channel/socket/ServerSocketChannelConfig
instanceKlass io/netty/channel/ChannelConfig
instanceKlass io/netty/channel/nio/AbstractNioChannel$1
instanceKlass io/netty/channel/ChannelHandlerMask$Skip
instanceKlass io/netty/channel/ChannelHandlerMask$2
instanceKlass io/netty/channel/ChannelHandlerMask
instanceKlass io/netty/channel/AbstractChannelHandlerContext$Tasks
instanceKlass io/netty/channel/VoidChannelPromise$1
instanceKlass io/netty/channel/ChannelFutureListener
instanceKlass io/netty/channel/DefaultChannelPipeline$PendingHandlerCallback
instanceKlass io/netty/channel/MessageSizeEstimator$Handle
instanceKlass io/netty/channel/AbstractChannelHandlerContext
instanceKlass io/netty/util/ResourceLeakHint
instanceKlass io/netty/channel/ChannelHandlerContext
instanceKlass io/netty/channel/DefaultChannelPipeline
instanceKlass io/netty/channel/ChannelPipeline
instanceKlass io/netty/channel/ChannelInboundInvoker
instanceKlass io/netty/channel/ChannelOutboundBuffer$Entry
instanceKlass io/netty/channel/ChannelOutboundBuffer
instanceKlass io/netty/channel/AbstractChannel$AbstractUnsafe
instanceKlass io/netty/channel/nio/AbstractNioChannel$NioUnsafe
instanceKlass io/netty/channel/Channel$Unsafe
instanceKlass io/netty/util/internal/SocketUtils$13
instanceKlass io/netty/util/internal/MacAddressUtil
instanceKlass io/netty/channel/DefaultChannelId
instanceKlass io/netty/channel/ChannelId
instanceKlass io/netty/channel/ChannelFlushPromiseNotifier$FlushCheckpoint
instanceKlass io/netty/channel/ChannelPromise
instanceKlass io/netty/channel/ChannelFuture
instanceKlass io/netty/channel/ChannelMetadata
instanceKlass java/util/concurrent/atomic/AtomicReferenceArray
instanceKlass reactor/netty/tcp/TcpServerBind$ChildObserver
instanceKlass org/reactivestreams/Processor
instanceKlass reactor/netty/channel/ChannelOperations$$Lambda$593
instanceKlass java/util/function/LongConsumer
instanceKlass reactor/core/Disposables$AlwaysDisposable
instanceKlass reactor/core/Disposables
instanceKlass reactor/core/publisher/OperatorDisposables
instanceKlass reactor/netty/tcp/TcpServerBind$$Lambda$592
instanceKlass reactor/core/publisher/MonoSink
instanceKlass reactor/netty/channel/BootstrapHandlers$PipelineConfiguration
instanceKlass reactor/netty/http/server/HttpServerBind$Http1Initializer
instanceKlass reactor/netty/tcp/SslProvider$SslSupportConsumer
instanceKlass reactor/netty/tcp/SslProvider
instanceKlass reactor/netty/ReactorNetty$$Lambda$591
instanceKlass java/util/concurrent/atomic/Striped64$Cell
instanceKlass io/netty/util/internal/LongCounter
instanceKlass io/netty/buffer/UnpooledByteBufAllocator$UnpooledByteBufAllocatorMetric
instanceKlass io/netty/buffer/ByteBufAllocatorMetric
instanceKlass javax/security/cert/Certificate
instanceKlass io/netty/util/internal/EmptyArrays
instanceKlass io/netty/util/ResourceLeakDetector
instanceKlass io/netty/buffer/Unpooled
instanceKlass reactor/netty/ReactorNetty$$Lambda$590
instanceKlass reactor/netty/ReactorNetty$$Lambda$589
instanceKlass reactor/netty/ReactorNetty$$Lambda$588
instanceKlass reactor/netty/ReactorNetty$$Lambda$587
instanceKlass reactor/netty/ReactorNetty$5
instanceKlass reactor/netty/ReactorNetty$4
instanceKlass reactor/netty/ReactorNetty$3
instanceKlass reactor/netty/ReactorNetty$2
instanceKlass reactor/netty/ReactorNetty$1
instanceKlass reactor/netty/ConnectionObserver$State
instanceKlass reactor/netty/ReactorNetty
instanceKlass io/netty/channel/ReflectiveChannelFactory
instanceKlass io/netty/channel/ChannelFactory
instanceKlass io/netty/bootstrap/ChannelFactory
instanceKlass io/netty/util/DefaultAttributeMap
instanceKlass io/netty/channel/socket/ServerSocketChannel
instanceKlass io/netty/channel/ServerChannel
instanceKlass io/netty/channel/Channel
instanceKlass io/netty/channel/ChannelOutboundInvoker
instanceKlass io/netty/util/AttributeMap
instanceKlass io/netty/util/concurrent/MultithreadEventExecutorGroup$1
instanceKlass io/netty/util/concurrent/FutureListener
instanceKlass io/netty/util/concurrent/GenericFutureListener
instanceKlass io/netty/util/concurrent/DefaultEventExecutorChooserFactory$PowerOfTwoEventExecutorChooser
instanceKlass io/netty/util/concurrent/EventExecutorChooserFactory$EventExecutorChooser
instanceKlass io/netty/channel/nio/NioEventLoop$SelectorTuple
instanceKlass io/netty/channel/nio/NioEventLoop$4
instanceKlass io/netty/channel/nio/NioEventLoop$3
instanceKlass sun/nio/ch/OptionKey
instanceKlass sun/nio/ch/SocketOptionRegistry$LazyInitialization
instanceKlass sun/nio/ch/SocketOptionRegistry$RegistryKey
instanceKlass sun/nio/ch/SocketOptionRegistry
instanceKlass jdk/net/SocketFlow
instanceKlass sun/net/ExtendedOptionsImpl$$Lambda$586
instanceKlass sun/net/ExtendedOptionsImpl
instanceKlass sun/nio/ch/ExtendedSocketOption$1
instanceKlass sun/nio/ch/ExtendedSocketOption
instanceKlass sun/nio/ch/SocketChannelImpl$DefaultOptionsHolder
instanceKlass java/net/StandardSocketOptions$StdSocketOption
instanceKlass java/net/SocketOption
instanceKlass java/net/StandardSocketOptions
instanceKlass sun/nio/ch/Net$3
instanceKlass sun/nio/ch/Net$4
instanceKlass sun/nio/ch/Net$1
instanceKlass java/net/ProtocolFamily
instanceKlass sun/nio/ch/Net
instanceKlass sun/nio/ch/SelChImpl
instanceKlass java/nio/channels/NetworkChannel
instanceKlass sun/nio/ch/PipeImpl$Initializer$LoopbackConnector
instanceKlass sun/nio/ch/PipeImpl$Initializer
instanceKlass java/nio/channels/Pipe
instanceKlass sun/nio/ch/NativeObject
instanceKlass sun/nio/ch/PollArrayWrapper
instanceKlass sun/nio/ch/WindowsSelectorImpl$FinishLock
instanceKlass sun/nio/ch/WindowsSelectorImpl$StartLock
instanceKlass sun/nio/ch/WindowsSelectorImpl$SubSelector
instanceKlass java/nio/channels/SelectionKey
instanceKlass sun/nio/ch/Util$3
instanceKlass java/nio/channels/Selector
instanceKlass io/netty/channel/nio/NioEventLoop$1
instanceKlass io/netty/util/IntSupplier
instanceKlass io/netty/util/internal/ThreadExecutorMap$1
instanceKlass io/netty/util/internal/shaded/org/jctools/queues/CircularArrayOffsetCalculator
instanceKlass io/netty/util/internal/shaded/org/jctools/util/Pow2
instanceKlass io/netty/util/internal/shaded/org/jctools/util/RangeUtil
instanceKlass io/netty/util/internal/shaded/org/jctools/queues/IndexedQueueSizeUtil$IndexedQueue
instanceKlass io/netty/util/internal/shaded/org/jctools/queues/QueueProgressIndicators
instanceKlass io/netty/util/internal/shaded/org/jctools/queues/MessagePassingQueue
instanceKlass io/netty/util/internal/shaded/org/jctools/util/UnsafeAccess
instanceKlass io/netty/util/internal/PlatformDependent$Mpsc$1
instanceKlass io/netty/util/internal/PlatformDependent$Mpsc
instanceKlass io/netty/channel/DefaultSelectStrategy
instanceKlass io/netty/channel/SelectStrategy
instanceKlass io/netty/channel/nio/NioEventLoop$2
instanceKlass io/netty/util/concurrent/ThreadProperties
instanceKlass io/netty/util/concurrent/SingleThreadEventExecutor$2
instanceKlass io/netty/util/concurrent/SingleThreadEventExecutor$1
instanceKlass io/netty/channel/EventLoop
instanceKlass io/netty/util/internal/ThreadExecutorMap$3
instanceKlass io/netty/util/internal/UnpaddedInternalThreadLocalMap
instanceKlass io/netty/util/concurrent/FastThreadLocal
instanceKlass io/netty/util/internal/ThreadExecutorMap
instanceKlass io/netty/util/internal/StringUtil
instanceKlass io/netty/util/concurrent/DefaultThreadFactory
instanceKlass io/netty/util/internal/PriorityQueue
instanceKlass io/netty/util/concurrent/GlobalEventExecutor$TaskRunner
instanceKlass io/netty/util/concurrent/GlobalEventExecutor$1
instanceKlass io/netty/util/concurrent/PromiseTask$SentinelRunnable
instanceKlass io/netty/util/internal/PriorityQueueNode
instanceKlass io/netty/util/concurrent/ScheduledFuture
instanceKlass io/netty/util/concurrent/AbstractScheduledEventExecutor$1
instanceKlass io/netty/util/concurrent/OrderedEventExecutor
instanceKlass io/netty/util/internal/ThrowableUtil
instanceKlass io/netty/util/concurrent/EventExecutor
instanceKlass io/netty/util/concurrent/DefaultPromise$CauseHolder
instanceKlass io/netty/util/concurrent/AbstractFuture
instanceKlass io/netty/util/concurrent/Promise
instanceKlass io/netty/util/concurrent/Future
instanceKlass io/netty/util/concurrent/DefaultEventExecutorChooserFactory
instanceKlass io/netty/util/concurrent/EventExecutorChooserFactory
instanceKlass io/netty/util/concurrent/ThreadPerTaskExecutor
instanceKlass io/netty/util/concurrent/RejectedExecutionHandlers$1
instanceKlass io/netty/util/concurrent/RejectedExecutionHandler
instanceKlass io/netty/util/concurrent/RejectedExecutionHandlers
instanceKlass io/netty/channel/DefaultSelectStrategyFactory
instanceKlass io/netty/channel/SelectStrategyFactory
instanceKlass sun/nio/ch/DefaultSelectorProvider
instanceKlass java/nio/channels/spi/SelectorProvider$1
instanceKlass java/nio/channels/spi/SelectorProvider
instanceKlass reactor/netty/resources/DefaultLoopResources$EventLoopFactory
instanceKlass io/netty/util/NettyRuntime$AvailableProcessorsHolder
instanceKlass io/netty/util/NettyRuntime
instanceKlass io/netty/util/concurrent/AbstractEventExecutorGroup
instanceKlass io/netty/channel/EventLoopGroup
instanceKlass io/netty/util/concurrent/EventExecutorGroup
instanceKlass reactor/netty/resources/DefaultLoopKQueue
instanceKlass io/netty/channel/epoll/Native
instanceKlass io/netty/channel/epoll/Epoll
instanceKlass reactor/netty/resources/DefaultLoopEpoll
instanceKlass reactor/netty/resources/DefaultLoop
instanceKlass reactor/netty/http/server/HttpRequestDecoderSpec$$Lambda$585
instanceKlass reactor/netty/http/server/HttpServerConfiguration$$Lambda$584
instanceKlass reactor/netty/http/server/HttpServerConfiguration$$Lambda$583
instanceKlass reactor/netty/http/server/HttpServerConfiguration$$Lambda$582
instanceKlass reactor/netty/http/server/HttpServerConfiguration$$Lambda$581
instanceKlass reactor/netty/http/server/HttpServerConfiguration
instanceKlass reactor/netty/http/server/HttpServer$$Lambda$580
instanceKlass reactor/netty/tcp/TcpServer$$Lambda$579
instanceKlass org/springframework/boot/web/embedded/netty/NettyReactiveWebServerFactory$$Lambda$578
instanceKlass org/springframework/boot/web/reactive/context/ReactiveWebServerApplicationContext$$Lambda$577
instanceKlass org/springframework/web/reactive/resource/ResourceUrlProvider$$Lambda$576
instanceKlass org/springframework/web/reactive/resource/ResourceUrlProvider$$Lambda$575
instanceKlass org/springframework/cloud/gateway/handler/AsyncPredicate$AndAsyncPredicate
instanceKlass reactor/core/publisher/Operators$EmptySubscription
instanceKlass org/springframework/cloud/gateway/route/Route$AbstractBuilder
instanceKlass org/springframework/cloud/gateway/filter/factory/RewritePathGatewayFilterFactory$1
instanceKlass org/springframework/cloud/gateway/route/RouteDefinitionRouteLocator$$Lambda$574
instanceKlass org/springframework/cloud/gateway/route/RouteDefinitionRouteLocator$$Lambda$573
instanceKlass org/springframework/cloud/gateway/handler/AsyncPredicate$DefaultAsyncPredicate
instanceKlass org/springframework/cloud/gateway/support/ServerWebExchangeUtils
instanceKlass org/springframework/cloud/gateway/handler/predicate/PathRoutePredicateFactory$1
instanceKlass org/springframework/cloud/gateway/handler/predicate/GatewayPredicate
instanceKlass org/springframework/cloud/gateway/handler/predicate/PathRoutePredicateFactory$$Lambda$572
instanceKlass java/util/stream/MatchOps$$Lambda$571
instanceKlass java/util/stream/MatchOps$$Lambda$570
instanceKlass org/springframework/cloud/gateway/filter/WeightCalculatorWebFilter$$Lambda$569
instanceKlass org/springframework/cloud/gateway/filter/WeightCalculatorWebFilter$$Lambda$568
instanceKlass org/springframework/boot/context/properties/source/IterableConfigurationPropertySource$$Lambda$567
instanceKlass org/springframework/boot/context/properties/source/IterableConfigurationPropertySource$$Lambda$566
instanceKlass org/springframework/boot/context/properties/bind/PlaceholdersResolver$$Lambda$565
instanceKlass org/springframework/boot/context/properties/source/MapConfigurationPropertySource$$Lambda$564
instanceKlass org/springframework/boot/context/properties/source/MapConfigurationPropertySource$$Lambda$563
instanceKlass java/lang/invoke/LambdaForm$DMH
instanceKlass java/lang/invoke/LambdaForm$DMH
instanceKlass org/springframework/boot/context/properties/source/MapConfigurationPropertySource
instanceKlass org/springframework/cloud/gateway/support/ShortcutConfigurable$ShortcutType$3$$Lambda$562
instanceKlass org/springframework/cloud/gateway/route/RouteDefinitionRouteLocator$$Lambda$561
instanceKlass org/springframework/cloud/gateway/discovery/DiscoveryClientRouteDefinitionLocator$DelegatingServiceInstance
instanceKlass org/springframework/expression/common/ExpressionUtils
instanceKlass org/springframework/expression/spel/CodeFlow
instanceKlass org/springframework/expression/spel/support/ReflectivePropertyAccessor$OptimalPropertyAccessor
instanceKlass org/springframework/expression/spel/support/ReflectivePropertyAccessor$InvokerPair
instanceKlass org/springframework/expression/spel/support/ReflectivePropertyAccessor$$Lambda$560
instanceKlass org/springframework/expression/spel/support/ReflectivePropertyAccessor$$Lambda$559
instanceKlass org/springframework/expression/spel/support/ReflectivePropertyAccessor$PropertyCacheKey
instanceKlass org/springframework/expression/spel/ExpressionState
instanceKlass com/alibaba/cloud/nacos/NacosServiceInstance
instanceKlass com/alibaba/nacos/client/naming/core/HostReactor$UpdateTask
instanceKlass io/prometheus/client/Gauge$TimeProvider
instanceKlass io/prometheus/client/Gauge$Child
instanceKlass java/io/RandomAccessFile$1
instanceKlass sun/nio/ch/FileKey
instanceKlass sun/nio/ch/FileLockTable
instanceKlass java/nio/channels/FileLock
instanceKlass java/io/RandomAccessFile
instanceKlass com/alibaba/nacos/client/naming/cache/ConcurrentDiskUtil
instanceKlass com/alibaba/nacos/client/naming/cache/DiskCache
instanceKlass com/alibaba/nacos/api/common/Constants
instanceKlass com/alibaba/fastjson/serializer/FieldSerializer
instanceKlass com/alibaba/fastjson/serializer/ASMSerializerFactory$Context
instanceKlass java/sql/Clob
instanceKlass com/alibaba/fastjson/parser/DefaultJSONParser$ResolveTask
instanceKlass com/alibaba/fastjson/asm/Type
instanceKlass com/alibaba/fastjson/asm/Label
instanceKlass com/alibaba/fastjson/asm/MethodWriter
instanceKlass com/alibaba/fastjson/asm/MethodVisitor
instanceKlass com/alibaba/fastjson/asm/FieldWriter
instanceKlass com/alibaba/fastjson/parser/deserializer/ASMDeserializerFactory$Context
instanceKlass com/alibaba/fastjson/asm/Item
instanceKlass com/alibaba/fastjson/asm/ByteVector
instanceKlass com/alibaba/fastjson/asm/ClassWriter
instanceKlass com/alibaba/fastjson/annotation/JSONField
instanceKlass com/alibaba/nacos/client/naming/utils/NetUtils
instanceKlass com/alibaba/nacos/api/naming/pojo/ServiceInfo
instanceKlass com/alibaba/nacos/api/naming/utils/NamingUtils
instanceKlass reactor/core/publisher/Operators$DeferredSubscription
instanceKlass reactor/core/publisher/FluxFirstNonEmptyEmitting$RaceCoordinator
instanceKlass com/alibaba/cloud/nacos/discovery/reactive/NacosReactiveDiscoveryClient$$Lambda$558
instanceKlass com/alibaba/cloud/nacos/discovery/reactive/NacosReactiveDiscoveryClient$$Lambda$557
instanceKlass com/alibaba/fastjson/annotation/JSONType
instanceKlass com/alibaba/fastjson/serializer/ListSerializer
instanceKlass com/alibaba/fastjson/util/ServiceLoader
instanceKlass com/alibaba/fastjson/serializer/AutowiredObjectSerializer
instanceKlass com/alibaba/fastjson/serializer/ToStringSerializer
instanceKlass com/alibaba/fastjson/serializer/AppendableSerializer
instanceKlass com/alibaba/fastjson/serializer/ObjectArrayCodec
instanceKlass com/alibaba/fastjson/serializer/PrimitiveArraySerializer
instanceKlass com/alibaba/fastjson/serializer/DoubleSerializer
instanceKlass com/alibaba/fastjson/serializer/ASMSerializerFactory
instanceKlass com/alibaba/nacos/api/naming/pojo/ListView
instanceKlass com/alibaba/fastjson/parser/deserializer/JSONPDeserializer
instanceKlass com/alibaba/fastjson/JSONPObject
instanceKlass com/alibaba/fastjson/serializer/JSONSerializable
instanceKlass com/alibaba/fastjson/parser/deserializer/StackTraceElementDeserializer
instanceKlass com/alibaba/fastjson/serializer/AtomicCodec
instanceKlass com/alibaba/fastjson/serializer/ReferenceCodec
instanceKlass com/alibaba/fastjson/serializer/CharArrayCodec
instanceKlass com/alibaba/fastjson/serializer/BooleanCodec
instanceKlass com/alibaba/fastjson/serializer/FloatCodec
instanceKlass com/alibaba/fastjson/serializer/BigDecimalCodec
instanceKlass com/alibaba/fastjson/serializer/BigIntegerCodec
instanceKlass com/alibaba/fastjson/serializer/LongCodec
instanceKlass com/alibaba/fastjson/serializer/IntegerCodec
instanceKlass com/alibaba/fastjson/parser/deserializer/NumberDeserializer
instanceKlass com/alibaba/fastjson/serializer/CharacterCodec
instanceKlass com/alibaba/fastjson/serializer/StringCodec
instanceKlass com/alibaba/fastjson/parser/deserializer/JavaObjectDeserializer
instanceKlass com/alibaba/fastjson/serializer/CollectionCodec
instanceKlass com/alibaba/fastjson/parser/deserializer/MapDeserializer
instanceKlass javax/xml/datatype/XMLGregorianCalendar
instanceKlass com/alibaba/fastjson/serializer/CalendarCodec
instanceKlass com/alibaba/fastjson/parser/deserializer/TimeDeserializer
instanceKlass com/alibaba/fastjson/parser/deserializer/ContextObjectDeserializer
instanceKlass com/alibaba/fastjson/serializer/MiscCodec
instanceKlass com/alibaba/fastjson/parser/deserializer/FieldDeserializer
instanceKlass com/alibaba/fastjson/serializer/BeanContext
instanceKlass com/alibaba/fastjson/parser/deserializer/ExtraTypeProvider
instanceKlass com/alibaba/fastjson/parser/deserializer/ExtraProcessable
instanceKlass com/alibaba/fastjson/parser/deserializer/ExtraProcessor
instanceKlass com/alibaba/fastjson/parser/deserializer/ParseProcess
instanceKlass com/alibaba/fastjson/parser/deserializer/AutowiredObjectDeserializer
instanceKlass com/alibaba/fastjson/parser/JSONToken
instanceKlass com/alibaba/fastjson/parser/ParseContext
instanceKlass com/alibaba/fastjson/parser/deserializer/JavaBeanDeserializer
instanceKlass com/alibaba/fastjson/parser/deserializer/ObjectDeserializer
instanceKlass com/alibaba/fastjson/serializer/SerializeConfig
instanceKlass com/alibaba/fastjson/serializer/SerialContext
instanceKlass com/alibaba/fastjson/serializer/ContextObjectSerializer
instanceKlass com/alibaba/fastjson/serializer/ValueFilter
instanceKlass com/alibaba/fastjson/serializer/PropertyPreFilter
instanceKlass com/alibaba/fastjson/serializer/PropertyFilter
instanceKlass com/alibaba/fastjson/serializer/NameFilter
instanceKlass com/alibaba/fastjson/serializer/BeforeFilter
instanceKlass com/alibaba/fastjson/serializer/AfterFilter
instanceKlass com/alibaba/fastjson/serializer/ContextValueFilter
instanceKlass com/alibaba/fastjson/serializer/LabelFilter
instanceKlass com/alibaba/fastjson/serializer/Labels
instanceKlass com/alibaba/fastjson/serializer/SerializeBeanInfo
instanceKlass com/alibaba/fastjson/serializer/SerializeFilterable
instanceKlass com/alibaba/fastjson/serializer/ObjectSerializer
instanceKlass com/alibaba/fastjson/util/JavaBeanInfo
instanceKlass com/alibaba/fastjson/util/ParameterizedTypeImpl
instanceKlass com/alibaba/fastjson/util/FieldInfo
instanceKlass com/alibaba/fastjson/TypeReference
instanceKlass com/alibaba/fastjson/JSONWriter
instanceKlass com/alibaba/fastjson/JSONReader
instanceKlass com/alibaba/fastjson/JSONPath
instanceKlass com/alibaba/fastjson/util/ASMClassLoader$1
instanceKlass com/alibaba/fastjson/parser/JSONLexerBase
instanceKlass com/alibaba/fastjson/parser/JSONLexer
instanceKlass com/alibaba/fastjson/parser/deserializer/ASMDeserializerFactory
instanceKlass com/alibaba/fastjson/asm/Opcodes
instanceKlass com/alibaba/fastjson/parser/SymbolTable
instanceKlass com/alibaba/fastjson/util/ASMUtils
instanceKlass com/alibaba/fastjson/util/IdentityHashMap$Entry
instanceKlass com/alibaba/fastjson/util/IdentityHashMap
instanceKlass com/alibaba/fastjson/parser/ParserConfig
instanceKlass com/alibaba/fastjson/parser/DefaultJSONParser
instanceKlass org/springframework/remoting/support/RemoteInvocationResult
instanceKlass org/springframework/remoting/support/RemoteInvocation
instanceKlass java/awt/Color
instanceKlass java/awt/Paint
instanceKlass java/awt/Transparency
instanceKlass java/awt/Font
instanceKlass java/awt/geom/Point2D
instanceKlass java/awt/geom/RectangularShape
instanceKlass java/awt/Shape
instanceKlass java/util/concurrent/ConcurrentNavigableMap
instanceKlass com/alibaba/fastjson/util/TypeUtils
instanceKlass com/alibaba/fastjson/util/IOUtils$1
instanceKlass com/alibaba/fastjson/util/IOUtils$PropertiesInitializer
instanceKlass com/alibaba/fastjson/util/IOUtils
instanceKlass com/alibaba/fastjson/serializer/SerializeFilter
instanceKlass com/alibaba/fastjson/JSON
instanceKlass com/alibaba/fastjson/JSONAware
instanceKlass com/alibaba/fastjson/JSONStreamAware
instanceKlass io/prometheus/client/Striped64$Cell
instanceKlass io/prometheus/client/Striped64$1
instanceKlass io/prometheus/client/Histogram$Child
instanceKlass io/prometheus/client/CollectorRegistry$1
instanceKlass io/prometheus/client/Collector$MetricFamilySamples
instanceKlass io/prometheus/client/CollectorRegistry
instanceKlass io/prometheus/client/SimpleCollector$Builder
instanceKlass io/prometheus/client/Collector
instanceKlass io/prometheus/client/Collector$Describable
instanceKlass com/alibaba/nacos/client/monitor/MetricsMonitor
instanceKlass sun/net/www/http/KeepAliveEntry
instanceKlass sun/net/www/http/KeepAliveCache$1
instanceKlass com/alibaba/nacos/client/naming/utils/IoUtils
instanceKlass com/alibaba/nacos/client/naming/net/HttpClient$HttpResult
instanceKlass sun/net/www/http/Hurryable
instanceKlass sun/net/www/protocol/http/AuthCacheImpl
instanceKlass sun/net/www/protocol/http/AuthCache
instanceKlass sun/net/www/protocol/http/AuthCacheValue
instanceKlass sun/net/www/http/HttpCapture$1
instanceKlass sun/net/www/http/HttpCapture
instanceKlass sun/net/www/http/KeepAliveKey
instanceKlass sun/net/NetworkClient$1
instanceKlass sun/net/NetworkClient
instanceKlass sun/net/www/protocol/http/HttpURLConnection$7
instanceKlass java/net/ResponseCache
instanceKlass sun/net/www/protocol/http/HttpURLConnection$3
instanceKlass java/net/CookieHandler
instanceKlass sun/net/www/protocol/http/HttpURLConnection$2
instanceKlass sun/net/www/protocol/http/HttpURLConnection$$Lambda$556
instanceKlass com/alibaba/nacos/client/naming/net/HttpClient
instanceKlass com/alibaba/nacos/common/util/UuidUtils
instanceKlass com/alibaba/nacos/client/naming/net/NamingProxy$5
instanceKlass java/util/Timer$1
instanceKlass java/util/TaskQueue
instanceKlass java/util/Timer
instanceKlass com/alibaba/nacos/client/identify/CredentialWatcher
instanceKlass com/alibaba/nacos/client/identify/Credentials
instanceKlass com/alibaba/nacos/client/identify/SpasCredential
instanceKlass com/alibaba/nacos/client/identify/CredentialService
instanceKlass com/alibaba/nacos/client/identify/SpasCredentialLoader
instanceKlass com/alibaba/nacos/client/config/impl/SpasAdapter
instanceKlass com/alibaba/nacos/client/naming/net/NamingProxy$4
instanceKlass com/alibaba/nacos/client/naming/utils/CollectionUtils
instanceKlass com/alibaba/cloud/nacos/discovery/reactive/NacosReactiveDiscoveryClient$$Lambda$554
instanceKlass com/alibaba/cloud/nacos/discovery/reactive/NacosReactiveDiscoveryClient$$Lambda$555
instanceKlass reactor/core/publisher/FluxFilter$FilterConditionalSubscriber
instanceKlass reactor/core/publisher/FluxMap$MapConditionalSubscriber
instanceKlass reactor/core/publisher/FluxFilter$FilterSubscriber
instanceKlass org/springframework/cloud/gateway/discovery/DiscoveryClientRouteDefinitionLocator$$Lambda$552
instanceKlass org/springframework/cloud/gateway/discovery/DiscoveryClientRouteDefinitionLocator$$Lambda$553
instanceKlass org/springframework/cloud/gateway/discovery/DiscoveryClientRouteDefinitionLocator$$Lambda$551
instanceKlass org/springframework/cloud/gateway/discovery/DiscoveryClientRouteDefinitionLocator$$Lambda$550
instanceKlass org/springframework/cloud/gateway/discovery/DiscoveryClientRouteDefinitionLocator$$Lambda$549
instanceKlass org/springframework/cloud/gateway/discovery/DiscoveryClientRouteDefinitionLocator$$Lambda$548
instanceKlass org/springframework/cloud/gateway/discovery/DiscoveryClientRouteDefinitionLocator$$Lambda$546
instanceKlass org/springframework/cloud/gateway/discovery/DiscoveryClientRouteDefinitionLocator$$Lambda$547
instanceKlass org/springframework/expression/spel/standard/SpelExpression
instanceKlass org/springframework/expression/spel/ast/SpelNodeImpl
instanceKlass org/springframework/expression/spel/SpelNode
instanceKlass org/springframework/expression/spel/standard/Token
instanceKlass org/springframework/expression/spel/standard/Tokenizer
instanceKlass java/util/regex/Pattern$CharPropertyNames$CharPropertyFactory
instanceKlass java/util/regex/Pattern$CharPropertyNames
instanceKlass reactor/core/publisher/Operators$CancelledSubscription
instanceKlass reactor/core/publisher/FluxMap$MapSubscriber
instanceKlass org/springframework/cloud/gateway/route/RouteDefinitionRouteLocator$$Lambda$545
instanceKlass org/springframework/cloud/gateway/route/RouteDefinitionRouteLocator$$Lambda$542
instanceKlass org/springframework/cloud/gateway/route/CompositeRouteDefinitionLocator$$Lambda$540
instanceKlass reactor/core/publisher/DrainUtils
instanceKlass reactor/core/publisher/FluxIterable$IterableSubscription
instanceKlass reactor/core/Fuseable$SynchronousSubscription
instanceKlass reactor/core/publisher/FluxFlatMap$FlatMapInner
instanceKlass reactor/core/publisher/FlatMapTracker
instanceKlass reactor/core/publisher/FluxMapFuseable$MapFuseableSubscriber
instanceKlass reactor/core/publisher/ImmutableSignal
instanceKlass reactor/core/publisher/Signal
instanceKlass reactor/core/publisher/Operators$MonoSubscriber
instanceKlass reactor/core/publisher/FluxPeekFuseable$PeekFuseableSubscriber
instanceKlass reactor/core/Fuseable$ConditionalSubscriber
instanceKlass java/util/concurrent/atomic/AtomicLongFieldUpdater$CASUpdater$1
instanceKlass java/util/concurrent/atomic/AtomicLongFieldUpdater
instanceKlass java/util/concurrent/atomic/AtomicIntegerFieldUpdater$AtomicIntegerFieldUpdaterImpl$1
instanceKlass java/util/concurrent/atomic/AtomicIntegerFieldUpdater
instanceKlass reactor/core/publisher/FluxFlattenIterable$FlattenIterableSubscriber
instanceKlass reactor/core/Fuseable$QueueSubscription
instanceKlass reactor/core/publisher/FluxDematerialize$DematerializeSubscriber
instanceKlass reactor/core/publisher/InnerOperator
instanceKlass reactor/core/publisher/InnerProducer
instanceKlass reactor/core/publisher/SignalPeek
instanceKlass reactor/cache/CacheFlux$$Lambda$539
instanceKlass reactor/core/publisher/Flux$$Lambda$538
instanceKlass org/springframework/cloud/gateway/route/CompositeRouteLocator$$Lambda$537
instanceKlass reactor/core/publisher/Operators$1
instanceKlass reactor/core/publisher/Operators
instanceKlass reactor/util/context/Context0
instanceKlass reactor/util/context/Context
instanceKlass org/reactivestreams/Subscription
instanceKlass reactor/core/publisher/LambdaSubscriber
instanceKlass reactor/core/publisher/InnerConsumer
instanceKlass org/springframework/cloud/gateway/filter/WeightCalculatorWebFilter$$Lambda$536
instanceKlass org/springframework/boot/builder/ParentContextCloserApplicationListener$ContextCloserListener
instanceKlass org/springframework/scheduling/support/DelegatingErrorHandlingRunnable
instanceKlass org/springframework/scheduling/support/TaskUtils$LoggingErrorHandler
instanceKlass org/springframework/util/ErrorHandler
instanceKlass org/springframework/scheduling/support/TaskUtils
instanceKlass com/alibaba/cloud/nacos/discovery/NacosWatch$$Lambda$535
instanceKlass java/lang/invoke/LambdaForm$DMH
instanceKlass org/springframework/context/support/DefaultLifecycleProcessor$LifecycleGroupMember
instanceKlass org/springframework/context/support/DefaultLifecycleProcessor$LifecycleGroup
instanceKlass org/springframework/cloud/client/loadbalancer/LoadBalancerAutoConfiguration$$Lambda$534
instanceKlass org/springframework/jmx/export/annotation/ManagedMetric
instanceKlass org/springframework/jmx/export/notification/NotificationPublisherAware
instanceKlass org/springframework/jmx/export/metadata/ManagedNotification
instanceKlass org/springframework/jmx/export/annotation/ManagedNotifications
instanceKlass org/springframework/jmx/export/annotation/ManagedNotification
instanceKlass org/springframework/jmx/export/metadata/ManagedOperationParameter
instanceKlass org/springframework/jmx/export/annotation/AnnotationJmxAttributeSource$$Lambda$533
instanceKlass org/springframework/core/annotation/MergedAnnotationPredicates$FirstRunOfPredicate
instanceKlass org/springframework/jmx/export/annotation/AnnotationJmxAttributeSource$$Lambda$532
instanceKlass org/springframework/jmx/export/annotation/ManagedOperationParameters
instanceKlass org/springframework/jmx/export/annotation/ManagedOperationParameter
instanceKlass org/springframework/beans/MutablePropertyValues$$Lambda$531
instanceKlass javax/management/modelmbean/DescriptorSupport
instanceKlass javax/management/DescriptorAccess
instanceKlass javax/management/modelmbean/RequiredModelMBean
instanceKlass org/springframework/jmx/support/ObjectNameManager
instanceKlass org/springframework/jmx/export/naming/SelfNaming
instanceKlass org/springframework/jmx/export/MBeanExporter$$Lambda$530
instanceKlass org/springframework/beans/PropertyAccessorFactory
instanceKlass org/springframework/jmx/export/annotation/AnnotationJmxAttributeSource$$Lambda$529
instanceKlass org/springframework/jmx/export/metadata/AbstractJmxAttribute
instanceKlass org/springframework/jmx/export/MBeanExporter$$Lambda$528
instanceKlass java/lang/invoke/LambdaForm$DMH
instanceKlass org/springframework/jmx/export/MBeanExporter$$Lambda$527
instanceKlass org/springframework/cloud/configuration/VerificationResult
instanceKlass org/springframework/cloud/configuration/SpringBootVersionVerifier$5
instanceKlass org/springframework/cloud/configuration/SpringBootVersionVerifier$4
instanceKlass org/springframework/cloud/configuration/SpringBootVersionVerifier$3
instanceKlass org/springframework/cloud/configuration/SpringBootVersionVerifier$2
instanceKlass org/springframework/cloud/configuration/CompatibilityPredicate
instanceKlass org/springframework/cloud/commons/httpclient/DefaultApacheHttpClientFactory
instanceKlass org/apache/http/client/config/RequestConfig
instanceKlass org/apache/http/conn/socket/LayeredConnectionSocketFactory
instanceKlass org/apache/http/conn/socket/ConnectionSocketFactory
instanceKlass org/apache/http/client/CredentialsProvider
instanceKlass org/apache/http/config/ConnectionConfig
instanceKlass org/apache/http/client/BackoffManager
instanceKlass org/apache/http/client/RedirectStrategy
instanceKlass org/apache/http/config/SocketConfig
instanceKlass org/apache/http/conn/ssl/X509HostnameVerifier
instanceKlass javax/net/ssl/HostnameVerifier
instanceKlass org/apache/http/conn/util/PublicSuffixMatcher
instanceKlass org/apache/http/config/Lookup
instanceKlass org/apache/http/conn/SchemePortResolver
instanceKlass org/apache/http/client/ConnectionBackoffStrategy
instanceKlass org/apache/http/client/CookieStore
instanceKlass org/apache/http/HttpHost
instanceKlass org/apache/http/client/ServiceUnavailableRetryStrategy
instanceKlass org/apache/http/client/HttpRequestRetryHandler
instanceKlass org/apache/http/conn/routing/HttpRoutePlanner
instanceKlass org/apache/http/impl/execchain/ClientExecChain
instanceKlass org/apache/http/client/UserTokenHandler
instanceKlass org/apache/http/client/AuthenticationStrategy
instanceKlass org/apache/http/protocol/HttpProcessor
instanceKlass org/apache/http/HttpResponseInterceptor
instanceKlass org/apache/http/HttpRequestInterceptor
instanceKlass org/apache/http/conn/ConnectionKeepAliveStrategy
instanceKlass org/apache/http/ConnectionReuseStrategy
instanceKlass org/apache/http/protocol/HttpRequestExecutor
instanceKlass javax/net/ssl/SSLContext
instanceKlass org/apache/http/impl/client/CloseableHttpClient
instanceKlass org/apache/http/config/RegistryBuilder
instanceKlass org/apache/http/conn/HttpClientConnectionManager
instanceKlass org/springframework/cloud/commons/httpclient/DefaultApacheHttpClientConnectionManagerFactory
instanceKlass org/springframework/cloud/client/loadbalancer/LoadBalancerAutoConfiguration$$Lambda$526
instanceKlass org/springframework/cloud/client/loadbalancer/LoadBalancerAutoConfiguration$LoadBalancerInterceptorConfig$$Lambda$525
