#
# There is insufficient memory for the Java Runtime Environment to continue.
# Native memory allocation (malloc) failed to allocate 903536 bytes for Chunk::new
# Possible reasons:
#   The system is out of physical RAM or swap space
#   The process is running with CompressedOops enabled, and the Java Heap may be blocking the growth of the native heap
# Possible solutions:
#   Reduce memory load on the system
#   Increase physical memory or swap space
#   Check if swap backing store is full
#   Decrease Java heap size (-Xmx/-Xms)
#   Decrease number of Java threads
#   Decrease Java thread stack sizes (-Xss)
#   Set larger code cache with -XX:ReservedCodeCacheSize=
#   JVM is running with Zero Based Compressed Oops mode in which the Java heap is
#     placed in the first 32GB address space. The Java Heap base address is the
#     maximum limit for the native heap growth. Please use -XX:HeapBaseMinAddress
#     to set the Java Heap base and to place the Java Heap above 32GB virtual address.
# This output file may be truncated or incomplete.
#
#  Out of Memory Error (allocation.cpp:389), pid=13620, tid=0x0000000000003324
#
# JRE version: Java(TM) SE Runtime Environment (8.0_202-b08) (build 1.8.0_202-b08)
# Java VM: Java HotSpot(TM) 64-Bit Server VM (25.202-b08 mixed mode windows-amd64 compressed oops)
# Failed to write core dump. Minidumps are not enabled by default on client versions of Windows
#

---------------  T H R E A D  ---------------

Current thread (0x000000001e6a2800):  JavaThread "C2 CompilerThread0" daemon [_thread_in_native, id=13092, stack(0x000000001ef50000,0x000000001f050000)]

Stack: [0x000000001ef50000,0x000000001f050000]
[error occurred during error reporting (printing stack bounds), id 0xc0000005]

Native frames: (J=compiled Java code, j=interpreted, Vv=VM code, C=native code)


Current CompileTask:
C2:   8659 3712       4       org.springframework.asm.Frame::execute (2305 bytes)


---------------  P R O C E S S  ---------------

Java Threads: ( => current thread )
  0x000000001f924000 JavaThread "ForkJoinPool.commonPool-worker-7" daemon [_thread_blocked, id=16040, stack(0x00000000270f0000,0x00000000271f0000)]
  0x000000001f922800 JavaThread "ForkJoinPool.commonPool-worker-6" daemon [_thread_blocked, id=17288, stack(0x0000000026ef0000,0x0000000026ff0000)]
  0x000000001f925000 JavaThread "ForkJoinPool.commonPool-worker-5" daemon [_thread_blocked, id=21532, stack(0x0000000026df0000,0x0000000026ef0000)]
  0x000000001f925800 JavaThread "ForkJoinPool.commonPool-worker-4" daemon [_thread_blocked, id=22392, stack(0x0000000026cf0000,0x0000000026df0000)]
  0x000000001f923800 JavaThread "ForkJoinPool.commonPool-worker-3" daemon [_thread_blocked, id=20216, stack(0x0000000026bf0000,0x0000000026cf0000)]
  0x000000001f927000 JavaThread "ForkJoinPool.commonPool-worker-2" daemon [_thread_blocked, id=20208, stack(0x0000000025a40000,0x0000000025b40000)]
  0x000000001f922000 JavaThread "ForkJoinPool.commonPool-worker-1" daemon [_thread_blocked, id=9164, stack(0x0000000022410000,0x0000000022510000)]
  0x000000001f928800 JavaThread "Abandoned connection cleanup thread" daemon [_thread_blocked, id=20452, stack(0x00000000228f0000,0x00000000229f0000)]
  0x00000000216a1800 JavaThread "logback-1" daemon [_thread_blocked, id=17240, stack(0x00000000225c0000,0x00000000226c0000)]
  0x000000001e6d6800 JavaThread "Service Thread" daemon [_thread_blocked, id=20808, stack(0x000000001f350000,0x000000001f450000)]
  0x000000001e6b1000 JavaThread "C1 CompilerThread3" daemon [_thread_blocked, id=20432, stack(0x000000001f250000,0x000000001f350000)]
  0x000000001e6aa000 JavaThread "C2 CompilerThread2" daemon [_thread_blocked, id=19524, stack(0x000000001f150000,0x000000001f250000)]
  0x000000001e6a5000 JavaThread "C2 CompilerThread1" daemon [_thread_blocked, id=3512, stack(0x000000001f050000,0x000000001f150000)]
=>0x000000001e6a2800 JavaThread "C2 CompilerThread0" daemon [_thread_in_native, id=13092, stack(0x000000001ef50000,0x000000001f050000)]
  0x000000001e6a1000 JavaThread "Monitor Ctrl-Break" daemon [_thread_in_native, id=3596, stack(0x000000001ee50000,0x000000001ef50000)]
  0x000000001c83b800 JavaThread "Attach Listener" daemon [_thread_blocked, id=15508, stack(0x000000001ed50000,0x000000001ee50000)]
  0x000000001e688000 JavaThread "Signal Dispatcher" daemon [_thread_blocked, id=2336, stack(0x000000001ec50000,0x000000001ed50000)]
  0x000000001e611800 JavaThread "Finalizer" daemon [_thread_blocked, id=15564, stack(0x000000001eaf0000,0x000000001ebf0000)]
  0x000000001e610800 JavaThread "Reference Handler" daemon [_thread_blocked, id=21204, stack(0x000000001e9f0000,0x000000001eaf0000)]
  0x0000000002bd9000 JavaThread "main" [_thread_in_vm, id=11364, stack(0x0000000002a50000,0x0000000002b50000)]

Other Threads:
  0x000000001c826000 VMThread [stack: 0x000000001e4f0000,0x000000001e5f0000] [id=7320]
  0x000000001e792000 WatcherThread [stack: 0x000000001f450000,0x000000001f550000] [id=20816]

VM state:not at safepoint (normal execution)

VM Mutex/Monitor currently owned by a thread: None

heap address: 0x00000006c1e00000, size: 4066 MB, Compressed Oops mode: Zero based, Oop shift amount: 3
Narrow klass base: 0x0000000000000000, Narrow klass shift: 3
Compressed class space size: 1073741824 Address: 0x00000007c0000000

Heap:
 PSYoungGen      total 165888K, used 76239K [0x000000076b500000, 0x0000000778580000, 0x00000007c0000000)
  eden space 156160K, 48% used [0x000000076b500000,0x000000076ff73f50,0x0000000774d80000)
  from space 9728K, 0% used [0x0000000775900000,0x0000000775900000,0x0000000776280000)
  to   space 11776K, 0% used [0x0000000774d80000,0x0000000774d80000,0x0000000775900000)
 ParOldGen       total 100352K, used 16036K [0x00000006c1e00000, 0x00000006c8000000, 0x000000076b500000)
  object space 100352K, 15% used [0x00000006c1e00000,0x00000006c2da9020,0x00000006c8000000)
 Metaspace       used 37687K, capacity 39922K, committed 40064K, reserved 1083392K
  class space    used 5039K, capacity 5459K, committed 5504K, reserved 1048576K

Card table byte_map: [0x0000000012190000,0x0000000012990000] byte_map_base: 0x000000000eb81000

Marking Bits: (ParMarkBitMap*) 0x0000000074e45ce0
 Begin Bits: [0x00000000136e0000, 0x0000000017668000)
 End Bits:   [0x0000000017668000, 0x000000001b5f0000)

Polling page: 0x0000000000f30000

CodeCache: size=245760Kb used=13525Kb max_used=13537Kb free=232234Kb
 bounds [0x0000000002dd0000, 0x0000000003b10000, 0x0000000011dd0000]
 total_blobs=4182 nmethods=3744 adapters=350
 compilation: enabled

Compilation events (10 events):
Event: 8.627 Thread 0x000000001e6b1000 nmethod 3748 0x0000000003ad6050 code [0x0000000003ad61a0, 0x0000000003ad62b0]
Event: 8.627 Thread 0x000000001e6b1000 3746       1       org.springframework.beans.factory.config.InstantiationAwareBeanPostProcessorAdapter::postProcessAfterInstantiation (2 bytes)
Event: 8.627 Thread 0x000000001e6b1000 nmethod 3746 0x0000000003af31d0 code [0x0000000003af3320, 0x0000000003af3430]
Event: 8.632 Thread 0x000000001e6a5000 nmethod 3754 0x0000000003af6390 code [0x0000000003af64e0, 0x0000000003af6798]
Event: 8.632 Thread 0x000000001e6b1000 3755       3       java.beans.Introspector::getTargetEventInfo (1082 bytes)
Event: 8.643 Thread 0x000000001e6b1000 nmethod 3755 0x0000000003af69d0 code [0x0000000003af76a0, 0x0000000003b016d8]
Event: 8.643 Thread 0x000000001e6b1000 3756   !   3       java.beans.Introspector::getTargetPropertyInfo (582 bytes)
Event: 8.647 Thread 0x000000001e6b1000 nmethod 3756 0x0000000003b089d0 code [0x0000000003b08f00, 0x0000000003b0cb48]
Event: 8.647 Thread 0x000000001e6b1000 3757       1       org.springframework.transaction.interceptor.BeanFactoryTransactionAttributeSourceAdvisor::getPointcut (5 bytes)
Event: 8.647 Thread 0x000000001e6b1000 nmethod 3757 0x0000000003af60d0 code [0x0000000003af6220, 0x0000000003af6330]

GC Heap History (10 events):
Event: 2.362 GC heap before
{Heap before GC invocations=4 (full 1):
 PSYoungGen      total 76288K, used 6618K [0x000000076b500000, 0x0000000774a00000, 0x00000007c0000000)
  eden space 65536K, 0% used [0x000000076b500000,0x000000076b500000,0x000000076f500000)
  from space 10752K, 61% used [0x000000076f500000,0x000000076fb76b28,0x000000076ff80000)
  to   space 10752K, 0% used [0x0000000773f80000,0x0000000773f80000,0x0000000774a00000)
 ParOldGen       total 175104K, used 104K [0x00000006c1e00000, 0x00000006cc900000, 0x000000076b500000)
  object space 175104K, 0% used [0x00000006c1e00000,0x00000006c1e1a010,0x00000006cc900000)
 Metaspace       used 19800K, capacity 21100K, committed 21248K, reserved 1067008K
  class space    used 2710K, capacity 2984K, committed 3072K, reserved 1048576K
Event: 2.403 GC heap after
Heap after GC invocations=4 (full 1):
 PSYoungGen      total 76288K, used 0K [0x000000076b500000, 0x0000000774a00000, 0x00000007c0000000)
  eden space 65536K, 0% used [0x000000076b500000,0x000000076b500000,0x000000076f500000)
  from space 10752K, 0% used [0x000000076f500000,0x000000076f500000,0x000000076ff80000)
  to   space 10752K, 0% used [0x0000000773f80000,0x0000000773f80000,0x0000000774a00000)
 ParOldGen       total 100352K, used 6489K [0x00000006c1e00000, 0x00000006c8000000, 0x000000076b500000)
  object space 100352K, 6% used [0x00000006c1e00000,0x00000006c24566d8,0x00000006c8000000)
 Metaspace       used 19800K, capacity 21100K, committed 21248K, reserved 1067008K
  class space    used 2710K, capacity 2984K, committed 3072K, reserved 1048576K
}
Event: 2.857 GC heap before
{Heap before GC invocations=5 (full 1):
 PSYoungGen      total 76288K, used 65536K [0x000000076b500000, 0x0000000774a00000, 0x00000007c0000000)
  eden space 65536K, 100% used [0x000000076b500000,0x000000076f500000,0x000000076f500000)
  from space 10752K, 0% used [0x000000076f500000,0x000000076f500000,0x000000076ff80000)
  to   space 10752K, 0% used [0x0000000773f80000,0x0000000773f80000,0x0000000774a00000)
 ParOldGen       total 100352K, used 6489K [0x00000006c1e00000, 0x00000006c8000000, 0x000000076b500000)
  object space 100352K, 6% used [0x00000006c1e00000,0x00000006c24566d8,0x00000006c8000000)
 Metaspace       used 25056K, capacity 26592K, committed 26752K, reserved 1073152K
  class space    used 3357K, capacity 3660K, committed 3712K, reserved 1048576K
Event: 2.867 GC heap after
Heap after GC invocations=5 (full 1):
 PSYoungGen      total 109568K, used 6084K [0x000000076b500000, 0x0000000774580000, 0x00000007c0000000)
  eden space 103424K, 0% used [0x000000076b500000,0x000000076b500000,0x0000000771a00000)
  from space 6144K, 99% used [0x0000000773f80000,0x0000000774571108,0x0000000774580000)
  to   space 10752K, 0% used [0x0000000773080000,0x0000000773080000,0x0000000773b00000)
 ParOldGen       total 100352K, used 6497K [0x00000006c1e00000, 0x00000006c8000000, 0x000000076b500000)
  object space 100352K, 6% used [0x00000006c1e00000,0x00000006c24586d8,0x00000006c8000000)
 Metaspace       used 25056K, capacity 26592K, committed 26752K, reserved 1073152K
  class space    used 3357K, capacity 3660K, committed 3712K, reserved 1048576K
}
Event: 4.099 GC heap before
{Heap before GC invocations=6 (full 1):
 PSYoungGen      total 109568K, used 109508K [0x000000076b500000, 0x0000000774580000, 0x00000007c0000000)
  eden space 103424K, 100% used [0x000000076b500000,0x0000000771a00000,0x0000000771a00000)
  from space 6144K, 99% used [0x0000000773f80000,0x0000000774571108,0x0000000774580000)
  to   space 10752K, 0% used [0x0000000773080000,0x0000000773080000,0x0000000773b00000)
 ParOldGen       total 100352K, used 6497K [0x00000006c1e00000, 0x00000006c8000000, 0x000000076b500000)
  object space 100352K, 6% used [0x00000006c1e00000,0x00000006c24586d8,0x00000006c8000000)
 Metaspace       used 27936K, capacity 29574K, committed 29696K, reserved 1075200K
  class space    used 3754K, capacity 4087K, committed 4096K, reserved 1048576K
Event: 4.110 GC heap after
Heap after GC invocations=6 (full 1):
 PSYoungGen      total 137216K, used 9059K [0x000000076b500000, 0x0000000776280000, 0x00000007c0000000)
  eden space 126464K, 0% used [0x000000076b500000,0x000000076b500000,0x0000000773080000)
  from space 10752K, 84% used [0x0000000773080000,0x0000000773958f40,0x0000000773b00000)
  to   space 9728K, 0% used [0x0000000775900000,0x0000000775900000,0x0000000776280000)
 ParOldGen       total 100352K, used 6505K [0x00000006c1e00000, 0x00000006c8000000, 0x000000076b500000)
  object space 100352K, 6% used [0x00000006c1e00000,0x00000006c245a6d8,0x00000006c8000000)
 Metaspace       used 27936K, capacity 29574K, committed 29696K, reserved 1075200K
  class space    used 3754K, capacity 4087K, committed 4096K, reserved 1048576K
}
Event: 5.306 GC heap before
{Heap before GC invocations=7 (full 1):
 PSYoungGen      total 137216K, used 133968K [0x000000076b500000, 0x0000000776280000, 0x00000007c0000000)
  eden space 126464K, 98% used [0x000000076b500000,0x0000000772efb290,0x0000000773080000)
  from space 10752K, 84% used [0x0000000773080000,0x0000000773958f40,0x0000000773b00000)
  to   space 9728K, 0% used [0x0000000775900000,0x0000000775900000,0x0000000776280000)
 ParOldGen       total 100352K, used 6505K [0x00000006c1e00000, 0x00000006c8000000, 0x000000076b500000)
  object space 100352K, 6% used [0x00000006c1e00000,0x00000006c245a6d8,0x00000006c8000000)
 Metaspace       used 33455K, capacity 35362K, committed 35416K, reserved 1079296K
  class space    used 4499K, capacity 4855K, committed 4864K, reserved 1048576K
Event: 5.319 GC heap after
Heap after GC invocations=7 (full 1):
 PSYoungGen      total 165888K, used 9711K [0x000000076b500000, 0x0000000778580000, 0x00000007c0000000)
  eden space 156160K, 0% used [0x000000076b500000,0x000000076b500000,0x0000000774d80000)
  from space 9728K, 99% used [0x0000000775900000,0x000000077627be28,0x0000000776280000)
  to   space 11776K, 0% used [0x0000000774d80000,0x0000000774d80000,0x0000000775900000)
 ParOldGen       total 100352K, used 8098K [0x00000006c1e00000, 0x00000006c8000000, 0x000000076b500000)
  object space 100352K, 8% used [0x00000006c1e00000,0x00000006c25e8b58,0x00000006c8000000)
 Metaspace       used 33455K, capacity 35362K, committed 35416K, reserved 1079296K
  class space    used 4499K, capacity 4855K, committed 4864K, reserved 1048576K
}
Event: 5.320 GC heap before
{Heap before GC invocations=8 (full 2):
 PSYoungGen      total 165888K, used 9711K [0x000000076b500000, 0x0000000778580000, 0x00000007c0000000)
  eden space 156160K, 0% used [0x000000076b500000,0x000000076b500000,0x0000000774d80000)
  from space 9728K, 99% used [0x0000000775900000,0x000000077627be28,0x0000000776280000)
  to   space 11776K, 0% used [0x0000000774d80000,0x0000000774d80000,0x0000000775900000)
 ParOldGen       total 100352K, used 8098K [0x00000006c1e00000, 0x00000006c8000000, 0x000000076b500000)
  object space 100352K, 8% used [0x00000006c1e00000,0x00000006c25e8b58,0x00000006c8000000)
 Metaspace       used 33455K, capacity 35362K, committed 35416K, reserved 1079296K
  class space    used 4499K, capacity 4855K, committed 4864K, reserved 1048576K
Event: 5.422 GC heap after
Heap after GC invocations=8 (full 2):
 PSYoungGen      total 165888K, used 0K [0x000000076b500000, 0x0000000778580000, 0x00000007c0000000)
  eden space 156160K, 0% used [0x000000076b500000,0x000000076b500000,0x0000000774d80000)
  from space 9728K, 0% used [0x0000000775900000,0x0000000775900000,0x0000000776280000)
  to   space 11776K, 0% used [0x0000000774d80000,0x0000000774d80000,0x0000000775900000)
 ParOldGen       total 100352K, used 16036K [0x00000006c1e00000, 0x00000006c8000000, 0x000000076b500000)
  object space 100352K, 15% used [0x00000006c1e00000,0x00000006c2da9020,0x00000006c8000000)
 Metaspace       used 33455K, capacity 35362K, committed 35416K, reserved 1079296K
  class space    used 4499K, capacity 4855K, committed 4864K, reserved 1048576K
}

Deoptimization events (10 events):
Event: 5.676 Thread 0x0000000002bd9000 Uncommon trap: reason=class_check action=maybe_recompile pc=0x00000000037d76d4 method=java.util.concurrent.ConcurrentHashMap.putVal(Ljava/lang/Object;Ljava/lang/Object;Z)Ljava/lang/Object; @ 192
Event: 5.678 Thread 0x0000000002bd9000 Uncommon trap: reason=class_check action=maybe_recompile pc=0x00000000037d76d4 method=java.util.concurrent.ConcurrentHashMap.putVal(Ljava/lang/Object;Ljava/lang/Object;Z)Ljava/lang/Object; @ 192
Event: 5.694 Thread 0x0000000002bd9000 Uncommon trap: reason=class_check action=maybe_recompile pc=0x00000000037d76d4 method=java.util.concurrent.ConcurrentHashMap.putVal(Ljava/lang/Object;Ljava/lang/Object;Z)Ljava/lang/Object; @ 192
Event: 5.716 Thread 0x0000000002bd9000 Uncommon trap: reason=unstable_if action=reinterpret pc=0x0000000003950274 method=java.lang.String.valueOf(Ljava/lang/Object;)Ljava/lang/String; @ 1
Event: 8.262 Thread 0x0000000002bd9000 Uncommon trap: reason=unstable_if action=reinterpret pc=0x0000000003935f64 method=java.util.concurrent.ConcurrentHashMap.get(Ljava/lang/Object;)Ljava/lang/Object; @ 152
Event: 8.264 Thread 0x0000000002bd9000 Uncommon trap: reason=unstable_if action=reinterpret pc=0x00000000039f93ec method=org.springframework.beans.factory.support.AbstractBeanFactory.isTypeMatch(Ljava/lang/String;Lorg/springframework/core/ResolvableType;Z)Z @ 559
Event: 8.357 Thread 0x0000000002bd9000 Uncommon trap: reason=unstable_if action=reinterpret pc=0x0000000002fdd410 method=java.lang.AbstractStringBuilder.append(Ljava/lang/String;)Ljava/lang/AbstractStringBuilder; @ 1
Event: 8.466 Thread 0x0000000002bd9000 Uncommon trap: reason=unstable_if action=reinterpret pc=0x0000000002fdc828 method=java.util.HashMap.hash(Ljava/lang/Object;)I @ 1
Event: 8.551 Thread 0x0000000002bd9000 Uncommon trap: reason=unstable_if action=reinterpret pc=0x00000000039dff6c method=org.springframework.asm.Frame.merge(Lorg/springframework/asm/SymbolTable;I[II)Z @ 22
Event: 8.621 Thread 0x0000000002bd9000 Uncommon trap: reason=unstable_if action=reinterpret pc=0x00000000039e4aac method=org.springframework.aop.framework.autoproxy.AbstractAutoProxyCreator.predictBeanType(Ljava/lang/Class;Ljava/lang/String;)Ljava/lang/Class; @ 9

Classes redefined (0 events):
No events

Internal exceptions (10 events):
Event: 8.610 Thread 0x0000000002bd9000 Exception <a 'java/lang/ClassNotFoundException': springfox/documentation/swagger2/mappers/SecurityMapperCustomizer> (0x000000076f943728) thrown at [C:\re\workspace\8-2-build-windows-amd64-cygwin\jdk8u202\12323\hotspot\src\share\vm\classfile\systemDictiona
Event: 8.611 Thread 0x0000000002bd9000 Exception <a 'java/lang/ClassNotFoundException': springfox/documentation/swagger2/mappers/SecurityMapperImplCustomizer> (0x000000076f96ebd0) thrown at [C:\re\workspace\8-2-build-windows-amd64-cygwin\jdk8u202\12323\hotspot\src\share\vm\classfile\systemDict
Event: 8.619 Thread 0x0000000002bd9000 Exception <a 'java/lang/ClassNotFoundException': java/lang/ObjectCustomizer> (0x000000076fa21948) thrown at [C:\re\workspace\8-2-build-windows-amd64-cygwin\jdk8u202\12323\hotspot\src\share\vm\classfile\systemDictionary.cpp, line 210]
Event: 8.620 Thread 0x0000000002bd9000 Exception <a 'java/lang/ClassNotFoundException': springfox/documentation/swagger2/mappers/ServiceModelToSwagger2MapperCustomizer> (0x000000076fa50d10) thrown at [C:\re\workspace\8-2-build-windows-amd64-cygwin\jdk8u202\12323\hotspot\src\share\vm\classfile\
Event: 8.621 Thread 0x0000000002bd9000 Exception <a 'java/lang/ClassNotFoundException': springfox/documentation/swagger2/mappers/ServiceModelToSwagger2MapperImplCustomizer> (0x000000076fa804d8) thrown at [C:\re\workspace\8-2-build-windows-amd64-cygwin\jdk8u202\12323\hotspot\src\share\vm\classf
Event: 8.630 Thread 0x0000000002bd9000 Exception <a 'java/lang/ClassNotFoundException': java/lang/ObjectCustomizer> (0x000000076fac4708) thrown at [C:\re\workspace\8-2-build-windows-amd64-cygwin\jdk8u202\12323\hotspot\src\share\vm\classfile\systemDictionary.cpp, line 210]
Event: 8.631 Thread 0x0000000002bd9000 Exception <a 'java/lang/ClassNotFoundException': springfox/documentation/swagger2/mappers/VendorExtensionsMapperCustomizer> (0x000000076faf1198) thrown at [C:\re\workspace\8-2-build-windows-amd64-cygwin\jdk8u202\12323\hotspot\src\share\vm\classfile\system
Event: 8.632 Thread 0x0000000002bd9000 Exception <a 'java/lang/ClassNotFoundException': springfox/documentation/swagger2/mappers/VendorExtensionsMapperImplCustomizer> (0x000000076fb1f820) thrown at [C:\re\workspace\8-2-build-windows-amd64-cygwin\jdk8u202\12323\hotspot\src\share\vm\classfile\sy
Event: 8.649 Thread 0x0000000002bd9000 Exception <a 'java/lang/ClassNotFoundException': java/lang/ObjectCustomizer> (0x000000076fc38f28) thrown at [C:\re\workspace\8-2-build-windows-amd64-cygwin\jdk8u202\12323\hotspot\src\share\vm\classfile\systemDictionary.cpp, line 210]
Event: 8.650 Thread 0x0000000002bd9000 Exception <a 'java/lang/ClassNotFoundException': springfox/documentation/spring/web/scanners/ApiDescriptionLookupCustomizer> (0x000000076fc65a40) thrown at [C:\re\workspace\8-2-build-windows-amd64-cygwin\jdk8u202\12323\hotspot\src\share\vm\classfile\syste

Events (10 events):
Event: 8.651 loading class org/springframework/web/servlet/mvc/condition/PatternsRequestCondition
Event: 8.651 loading class org/springframework/web/servlet/mvc/condition/PatternsRequestCondition done
Event: 8.652 loading class org/springframework/web/servlet/mvc/condition/AbstractRequestCondition
Event: 8.652 loading class org/springframework/web/servlet/mvc/condition/AbstractRequestCondition done
Event: 8.652 loading class org/springframework/web/servlet/mvc/condition/RequestCondition
Event: 8.652 loading class org/springframework/web/servlet/mvc/condition/RequestCondition done
Event: 8.656 loading class org/springframework/core/annotation/MergedAnnotation
Event: 8.656 loading class org/springframework/core/annotation/MergedAnnotation done
Event: 8.656 loading class org/springframework/core/annotation/MergedAnnotation
Event: 8.656 loading class org/springframework/core/annotation/MergedAnnotation done


Dynamic libraries:
0x00007ff7376b0000 - 0x00007ff7376e7000 	F:\JAVA\bin\java.exe
0x00007ffd977c0000 - 0x00007ffd979b0000 	C:\WINDOWS\SYSTEM32\ntdll.dll
0x00007ffd95fd0000 - 0x00007ffd96082000 	C:\WINDOWS\System32\KERNEL32.DLL
0x00007ffd951f0000 - 0x00007ffd95495000 	C:\WINDOWS\System32\KERNELBASE.dll
0x00007ffd95a10000 - 0x00007ffd95ab3000 	C:\WINDOWS\System32\ADVAPI32.dll
0x00007ffd96170000 - 0x00007ffd9620e000 	C:\WINDOWS\System32\msvcrt.dll
0x00007ffd96ae0000 - 0x00007ffd96b77000 	C:\WINDOWS\System32\sechost.dll
0x00007ffd96b80000 - 0x00007ffd96c9f000 	C:\WINDOWS\System32\RPCRT4.dll
0x00007ffd97570000 - 0x00007ffd97704000 	C:\WINDOWS\System32\USER32.dll
0x00007ffd95170000 - 0x00007ffd95191000 	C:\WINDOWS\System32\win32u.dll
0x00007ffd96d00000 - 0x00007ffd96d26000 	C:\WINDOWS\System32\GDI32.dll
0x00007ffd94690000 - 0x00007ffd94828000 	C:\WINDOWS\System32\gdi32full.dll
0x00007ffd94440000 - 0x00007ffd944de000 	C:\WINDOWS\System32\msvcp_win.dll
0x00007ffd95070000 - 0x00007ffd9516a000 	C:\WINDOWS\System32\ucrtbase.dll
0x00007ffd81890000 - 0x00007ffd81b14000 	C:\WINDOWS\WinSxS\amd64_microsoft.windows.common-controls_6595b64144ccf1df_6.0.18362.1556_none_9e7e372fe45e41d5\COMCTL32.dll
0x00007ffd956b0000 - 0x00007ffd959e6000 	C:\WINDOWS\System32\combase.dll
0x00007ffd94860000 - 0x00007ffd948e1000 	C:\WINDOWS\System32\bcryptPrimitives.dll
0x00007ffd95ce0000 - 0x00007ffd95d0e000 	C:\WINDOWS\System32\IMM32.DLL
0x0000000075350000 - 0x0000000075422000 	F:\JAVA\jre\bin\msvcr100.dll
0x0000000074620000 - 0x0000000074ec5000 	F:\JAVA\jre\bin\server\jvm.dll
0x00007ffd94830000 - 0x00007ffd94854000 	C:\WINDOWS\System32\WINMM.dll
0x00007ffd94380000 - 0x00007ffd943ad000 	C:\WINDOWS\System32\WINMMBASE.dll
0x00007ffd951a0000 - 0x00007ffd951ea000 	C:\WINDOWS\System32\cfgmgr32.dll
0x00007ffd95d10000 - 0x00007ffd95d18000 	C:\WINDOWS\System32\PSAPI.DLL
0x00007ffd8c020000 - 0x00007ffd8c029000 	C:\WINDOWS\SYSTEM32\WSOCK32.dll
0x00007ffd97710000 - 0x00007ffd9777f000 	C:\WINDOWS\System32\WS2_32.dll
0x00007ffd8e2b0000 - 0x00007ffd8e2ba000 	C:\WINDOWS\SYSTEM32\VERSION.dll
0x00007ffd90570000 - 0x00007ffd9057f000 	F:\JAVA\jre\bin\verify.dll
0x00007ffd90540000 - 0x00007ffd90569000 	F:\JAVA\jre\bin\java.dll
0x00007ffd8b670000 - 0x00007ffd8b693000 	F:\JAVA\jre\bin\instrument.dll
0x00007ffd90150000 - 0x00007ffd90166000 	F:\JAVA\jre\bin\zip.dll
0x00007ffd96d40000 - 0x00007ffd97427000 	C:\WINDOWS\System32\SHELL32.dll
0x00007ffd95c30000 - 0x00007ffd95cd8000 	C:\WINDOWS\System32\shcore.dll
0x00007ffd948f0000 - 0x00007ffd9506b000 	C:\WINDOWS\System32\windows.storage.dll
0x00007ffd943b0000 - 0x00007ffd943ce000 	C:\WINDOWS\System32\profapi.dll
0x00007ffd943f0000 - 0x00007ffd9443a000 	C:\WINDOWS\System32\powrprof.dll
0x00007ffd94350000 - 0x00007ffd94360000 	C:\WINDOWS\System32\UMPDC.dll
0x00007ffd96210000 - 0x00007ffd96262000 	C:\WINDOWS\System32\shlwapi.dll
0x00007ffd94360000 - 0x00007ffd94371000 	C:\WINDOWS\System32\kernel.appcore.dll
0x00007ffd944e0000 - 0x00007ffd944f7000 	C:\WINDOWS\System32\cryptsp.dll
0x00007ffd8b650000 - 0x00007ffd8b66a000 	F:\IDEA2020\IntelliJ IDEA 2020.1\bin\breakgen64.dll
0x00007ffd85660000 - 0x00007ffd8567a000 	F:\JAVA\jre\bin\net.dll
0x00007ffd87390000 - 0x00007ffd87567000 	C:\WINDOWS\SYSTEM32\urlmon.dll
0x00007ffd86bd0000 - 0x00007ffd86e77000 	C:\WINDOWS\SYSTEM32\iertutil.dll
0x00007ffd93d60000 - 0x00007ffd93d6c000 	C:\WINDOWS\SYSTEM32\CRYPTBASE.DLL
0x00007ffd93b90000 - 0x00007ffd93bf7000 	C:\WINDOWS\system32\mswsock.dll
0x00007ffd85490000 - 0x00007ffd854a2000 	F:\JAVA\jre\bin\nio.dll
0x00007ffd864c0000 - 0x00007ffd864cd000 	F:\JAVA\jre\bin\management.dll
0x00007ffd78240000 - 0x00007ffd78256000 	C:\WINDOWS\system32\napinsp.dll
0x00007ffd78220000 - 0x00007ffd7823a000 	C:\WINDOWS\system32\pnrpnsp.dll
0x00007ffd938e0000 - 0x00007ffd939ab000 	C:\WINDOWS\SYSTEM32\DNSAPI.dll
0x00007ffd96160000 - 0x00007ffd96168000 	C:\WINDOWS\System32\NSI.dll
0x00007ffd938a0000 - 0x00007ffd938da000 	C:\WINDOWS\SYSTEM32\IPHLPAPI.DLL
0x00007ffd78210000 - 0x00007ffd7821e000 	C:\WINDOWS\System32\winrnr.dll
0x00007ffd90360000 - 0x00007ffd9037c000 	C:\WINDOWS\system32\NLAapi.dll
0x00007ffd781f0000 - 0x00007ffd78205000 	C:\WINDOWS\system32\wshbth.dll
0x0000000074ff0000 - 0x0000000074ffa000 	C:\Program Files\National Instruments\Shared\mDNS Responder\nimdnsNSP.dll
0x00007ffd7a5e0000 - 0x00007ffd7a5fb000 	C:\WINDOWS\SYSTEM32\VCRUNTIME140.dll
0x0000000074fe0000 - 0x0000000074ff0000 	C:\WINDOWS\SYSTEM32\nimdnsResponder.dll
0x0000000074fb0000 - 0x0000000074fd6000 	C:\Program Files\Bonjour\mdnsNSP.dll
0x00007ffd899d0000 - 0x00007ffd899da000 	C:\Windows\System32\rasadhlp.dll
0x00007ffd899f0000 - 0x00007ffd89a67000 	C:\WINDOWS\System32\fwpuclnt.dll
0x00007ffd94600000 - 0x00007ffd94626000 	C:\WINDOWS\System32\bcrypt.dll
0x00007ffd8b630000 - 0x00007ffd8b646000 	C:\WINDOWS\SYSTEM32\dhcpcsvc6.DLL
0x00007ffd8b5f0000 - 0x00007ffd8b60c000 	C:\WINDOWS\SYSTEM32\dhcpcsvc.DLL

VM Arguments:
jvm_args: -ea -Didea.test.cyclic.buffer.size=1048576 -javaagent:F:\IDEA2020\IntelliJ IDEA 2020.1\lib\idea_rt.jar=49179:F:\IDEA2020\IntelliJ IDEA 2020.1\bin -Dfile.encoding=UTF-8 
java_command: com.intellij.rt.junit.JUnitStarter -ideVersion5 -junit5 com.fanfanfan.yygh.hosp.ATest,testInsert
java_class_path (initial): F:\IDEA2020\IntelliJ IDEA 2020.1\lib\idea_rt.jar;C:\Users\admin\.m2\repository\org\junit\platform\junit-platform-launcher\1.5.2\junit-platform-launcher-1.5.2.jar;C:\Users\admin\.m2\repository\org\apiguardian\apiguardian-api\1.1.0\apiguardian-api-1.1.0.jar;C:\Users\admin\.m2\repository\org\junit\platform\junit-platform-engine\1.5.2\junit-platform-engine-1.5.2.jar;C:\Users\admin\.m2\repository\org\opentest4j\opentest4j\1.2.0\opentest4j-1.2.0.jar;C:\Users\admin\.m2\repository\org\junit\platform\junit-platform-commons\1.5.2\junit-platform-commons-1.5.2.jar;F:\IDEA2020\IntelliJ IDEA 2020.1\plugins\junit\lib\junit5-rt.jar;F:\IDEA2020\IntelliJ IDEA 2020.1\plugins\junit\lib\junit-rt.jar;F:\JAVA\jre\lib\charsets.jar;F:\JAVA\jre\lib\deploy.jar;F:\JAVA\jre\lib\ext\access-bridge-64.jar;F:\JAVA\jre\lib\ext\cldrdata.jar;F:\JAVA\jre\lib\ext\dnsns.jar;F:\JAVA\jre\lib\ext\jaccess.jar;F:\JAVA\jre\lib\ext\jfxrt.jar;F:\JAVA\jre\lib\ext\localedata.jar;F:\JAVA\jre\lib\ext\nashorn.jar;F:\JAVA\jre\lib\ext\sunec.jar;F:\JAVA\jre\lib\ext\sunjce_provider.jar;F:\JAVA\jre\lib\ext\sunmscapi.jar;F:\JAVA\jre\lib\ext\sunpkcs11.jar;F:\JAVA\jre\lib\ext\zipfs.jar;F:\JAVA\jre\lib\javaws.jar;F:\JAVA\jre\lib\jce.jar;F:\JAVA\jre\lib\jfr.jar;F:\JAVA\jre\lib\jfxswt.jar;F:\JAVA\jre\lib\jsse.jar;F:\JAVA\jre\lib\management-agent.jar;F:\JAVA\jre\lib\plugin.jar;F:\JAVA\jre\lib\resources.jar;F:\JAVA\jre\lib\rt.jar;D:\Portfolio\yygh_parent\service\service_hosp\target\test-classes;D:\Portfolio\yygh_parent\service\service_hosp\target\classes;D:\maven_reposity\org\springframework\boot\spring-boot-starter-data-mongodb\2.2.1.RELEASE\spring-boot-starter-data-mongodb-2.2.1.RELEASE.jar;D:\maven_reposity\org\springframework\boot\spring-boot-starter\2.2.1.RELEASE\spring-boot-starter-2.2.1.RELEASE.jar;D:\maven_reposity\org\springframework\boot\spring-boot-starter-logging\2.2.1.RELEASE\spring-boot-starter-logging-2.2.1.RELEASE.jar;D:\maven_reposity\ch\qos\logback\logback-classic\1.2.3\logback-class
Launcher Type: SUN_STANDARD

Environment Variables:
JAVA_HOME=D:\Java15
PATH=D:\Java15\bin;F:\JAVA\bin;C:\Program Files\Common Files\Oracle\Java\javapath;C:\Program Files (x86)\Common Files\Oracle\Java\javapath;D:\新建文件夹\bin\;C:\Windows;C:\Windows\System32\Wbem;C:\Windows\System32\WindowsPowerShell\v1.0\;C:\Windows\System32\OpenSSH\;C:\Program Files (x86)\NVIDIA Corporation\PhysX\Common;C:\Program Files\NVIDIA Corporation\NVIDIA NvDLISR;C:\WINDOWS\system32;C:\WINDOWS;C:\WINDOWS\System32\Wbem;C:\WINDOWS\System32\WindowsPowerShell\v1.0\;C:\WINDOWS\System32\OpenSSH\;C:\Program Files (x86)\Windows Kits\8.1\Windows Performance Toolkit\;C:\ProgramData\chocolatey\bin;F:\maven\apache-maven-3.8.6-bin\apache-maven-3.8.6\bin;F:\JAVA\jre\bin;D:\matalab2021a\runtime\win64;D:\matalab2021a\bin;D:\matalab2021a\polyspace\bin;F:\MYSQL\bin;D:\Software\GO\gosoftware\bin;D:\Software\devolope\dexe\微信web开发者工具\dll;D:\Software\xinlei\nvm;D:\nodejs;D:\nodejs\node_modules;D:\nodejs\node_global;D:\nodejs\node_global\node_modules;D:\envioment\PY\Scripts\;D:\envioment\PY\;C:\Users\admin\AppData\Local\Microsoft\WindowsApps;F:\IDEA2020\IntelliJ IDEA 2020.1\bin;;F:\Microsoft VS Code\bin;C:\Users\admin\go\bin;node_global;D:\Software\xinlei\nvm;D:\nodejs;
USERNAME=admin
OS=Windows_NT
PROCESSOR_IDENTIFIER=Intel64 Family 6 Model 158 Stepping 10, GenuineIntel



---------------  S Y S T E M  ---------------

OS: Windows 10.0 , 64 bit Build 18362 (10.0.18362.1500)

CPU:total 8 (initial active 8) (4 cores per cpu, 2 threads per core) family 6 model 158 stepping 10, cmov, cx8, fxsr, mmx, sse, sse2, sse3, ssse3, sse4.1, sse4.2, popcnt, avx, avx2, aes, clmul, erms, 3dnowpref, lzcnt, ht, tsc, tscinvbit, bmi1, bmi2, adx

Memory: 4k page, physical 16646388k(2398044k free), swap 19267824k(5184k free)

vm_info: Java HotSpot(TM) 64-Bit Server VM (25.202-b08) for windows-amd64 JRE (1.8.0_202-b08), built on Dec 15 2018 19:54:30 by "java_re" with MS VC++ 10.0 (VS2010)

time: Sat Sep 03 21:11:10 2022
timezone: 中国标准时间
elapsed time: 8 seconds (0d 0h 0m 8s)

